0 info it worked if it ends with ok
1 verbose cli [ 'C:\\program files\\nodejs\\node.exe',
1 verbose cli   'C:\\program files\\nodejs\\node_modules\\npm\\bin\\npm-cli.js',
1 verbose cli   'install',
1 verbose cli   'therubyracer' ]
2 info using npm@2.14.12
3 info using node@v4.3.2
4 verbose install initial load of H:\WebGithub\stayTrue\package.json
5 verbose installManyTop reading scoped package data from H:\WebGithub\stayTrue\node_modules\less\package.json
6 verbose readDependencies loading dependencies from H:\WebGithub\stayTrue\package.json
7 silly cache add args [ 'therubyracer', null ]
8 verbose cache add spec therubyracer
9 silly cache add parsed spec Result {
9 silly cache add   raw: 'therubyracer',
9 silly cache add   scope: null,
9 silly cache add   name: 'therubyracer',
9 silly cache add   rawSpec: '',
9 silly cache add   spec: 'latest',
9 silly cache add   type: 'tag' }
10 silly addNamed therubyracer@latest
11 verbose addNamed "latest" is being treated as a dist-tag for therubyracer
12 info addNameTag [ 'therubyracer', 'latest' ]
13 silly mapToRegistry name therubyracer
14 silly mapToRegistry using default registry
15 silly mapToRegistry registry https://registry.npmjs.org/
16 silly mapToRegistry uri https://registry.npmjs.org/therubyracer
17 verbose addNameTag registry:https://registry.npmjs.org/therubyracer not in flight; fetching
18 verbose request uri https://registry.npmjs.org/therubyracer
19 verbose request no auth needed
20 info attempt registry request try #1 at 4:47:46 PM
21 verbose request id 31d88df48dc05b80
22 http request GET https://registry.npmjs.org/therubyracer
23 http 404 https://registry.npmjs.org/therubyracer
24 verbose headers { 'content-type': 'application/json',
24 verbose headers   'cache-control': 'max-age=0',
24 verbose headers   'content-length': '2',
24 verbose headers   'accept-ranges': 'bytes',
24 verbose headers   date: 'Sun, 17 Apr 2016 20:47:44 GMT',
24 verbose headers   via: '1.1 varnish',
24 verbose headers   age: '0',
24 verbose headers   connection: 'keep-alive',
24 verbose headers   'x-served-by': 'cache-dfw1834-DFW',
24 verbose headers   'x-cache': 'MISS',
24 verbose headers   'x-cache-hits': '0',
24 verbose headers   'x-timer': 'S1460926063.989194,VS0,VE187',
24 verbose headers   vary: 'Accept-Encoding' }
25 silly get cb [ 404,
25 silly get   { 'content-type': 'application/json',
25 silly get     'cache-control': 'max-age=0',
25 silly get     'content-length': '2',
25 silly get     'accept-ranges': 'bytes',
25 silly get     date: 'Sun, 17 Apr 2016 20:47:44 GMT',
25 silly get     via: '1.1 varnish',
25 silly get     age: '0',
25 silly get     connection: 'keep-alive',
25 silly get     'x-served-by': 'cache-dfw1834-DFW',
25 silly get     'x-cache': 'MISS',
25 silly get     'x-cache-hits': '0',
25 silly get     'x-timer': 'S1460926063.989194,VS0,VE187',
25 silly get     vary: 'Accept-Encoding' } ]
26 verbose stack Error: Registry returned 404 for GET on https://registry.npmjs.org/therubyracer
26 verbose stack     at makeError (C:\program files\nodejs\node_modules\npm\node_modules\npm-registry-client\lib\request.js:264:12)
26 verbose stack     at CachingRegistryClient.<anonymous> (C:\program files\nodejs\node_modules\npm\node_modules\npm-registry-client\lib\request.js:242:14)
26 verbose stack     at Request._callback (C:\program files\nodejs\node_modules\npm\node_modules\npm-registry-client\lib\request.js:172:14)
26 verbose stack     at Request.self.callback (C:\program files\nodejs\node_modules\npm\node_modules\request\request.js:198:22)
26 verbose stack     at emitTwo (events.js:87:13)
26 verbose stack     at Request.emit (events.js:172:7)
26 verbose stack     at Request.<anonymous> (C:\program files\nodejs\node_modules\npm\node_modules\request\request.js:1082:10)
26 verbose stack     at emitOne (events.js:82:20)
26 verbose stack     at Request.emit (events.js:169:7)
26 verbose stack     at IncomingMessage.<anonymous> (C:\program files\nodejs\node_modules\npm\node_modules\request\request.js:1009:12)
27 verbose statusCode 404
28 verbose pkgid therubyracer
29 verbose cwd H:\WebGithub\stayTrue\WebRoot\css\less
30 error Windows_NT 10.0.10586
31 error argv "C:\\program files\\nodejs\\node.exe" "C:\\program files\\nodejs\\node_modules\\npm\\bin\\npm-cli.js" "install" "therubyracer"
32 error node v4.3.2
33 error npm  v2.14.12
34 error code E404
35 error 404 Registry returned 404 for GET on https://registry.npmjs.org/therubyracer
35 error 404
35 error 404 'therubyracer' is not in the npm registry.
35 error 404 You should bug the author to publish it (or use the name yourself!)
35 error 404
35 error 404 Note that you can also install from a
35 error 404 tarball, folder, http url, or git url.
36 verbose exit [ 1, true ]
